<TestRun xmlns="http://microsoft.com/schemas/VisualStudio/TeamTest/2010" runUser="S1\devops"><TestSettings /><Times creation="2020-12-05T12:10:19.1337+01:00" start="2020-12-05T12:10:19.1337+01:00" finish="2020-12-05T12:10:19.1337+01:00" /><ResultSummary outcome="Passed"><Counters total="1" /></ResultSummary><TestLists><TestList name="Results Not in a List" id="8c84fa94-04c1-424b-9868-57a2d4851a1d" /></TestLists><TestDefinitions><UnitTest name="TestGetProject_KnownSuccess" storage="Project.Functional Tests./Game/EngineTest/FTEST_FunctionalTests.TestGetProject_KnownSuccess" id="dbb04cc3-63b5-556d-ba0f-0ddc610203bb" /></TestDefinitions><Results><UnitTestResult testName="TestGetProject_KnownSuccess" testId="dbb04cc3-63b5-556d-ba0f-0ddc610203bb" startTime="2020-12-05T12:10:19.1337+01:00" duration="0:00:01.998870" outcome="Passed" computerName="S1" testListId="8c84fa94-04c1-424b-9868-57a2d4851a1d"><Output><StdOut /></Output></UnitTestResult></Results><TestEntries><TestEntry testId="dbb04cc3-63b5-556d-ba0f-0ddc610203bb" testListId="8c84fa94-04c1-424b-9868-57a2d4851a1d" /></TestEntries></TestRun>